
################################################################################

 PACKMOL - Packing optimization for the automated generation of
 starting configurations for molecular dynamics simulations.
 
                                                              Version 20.14.4 

################################################################################

  Packmol must be run with: packmol < inputfile.inp 

  Userguide at: http://m3g.iqm.unicamp.br/packmol 

  Reading input file... (Control-C aborts)
  Types of coordinate files specified: pdb
  Seed for random number generator:      1234567
  Output file: output.pdb
  Reading coordinate file: MDAPMinput0.pdb
  Reading coordinate file: MDAPMinput1.pdb
  Number of independent structures:            2
  The structures are: 
  Structure            1 :MDAPMinput0.pdb(           3  atoms)
  Structure            2 :MDAPMinput1.pdb(           8  atoms)
  Maximum number of GENCAN loops for all molecule packing:          400
  Total number of restrictions:            2
  Distance tolerance:    2.0000000000000000     
  Warning: Type of residue numbering not set for structure            1
  Residue numbering set for structure            1 :           0
  Swap chains of molecules of structure            1 : F
  Warning: Type of residue numbering not set for structure            2
  Residue numbering set for structure            2 :           0
  Swap chains of molecules of structure            2 : F
  Number of molecules of type            1 :         1000
  Number of molecules of type            2 :          400
  Total number of atoms:         6200
  Total number of molecules:         1400
  Number of fixed molecules:            0
  Number of free molecules:         1400
  Number of variables:         8400
  Total number of fixed atoms:            0
  Maximum internal distance of type            1 :    1.6330000000000000     
  Maximum internal distance of type            2 :    4.5039999999999996     
  All atoms must be within these coordinates: 
   x: [   -999.24636734693877      ,    1000.7536326530612       ] 
   y: [   -998.39999999999998      ,    1001.6000000000000       ] 
   z: [   -1000.0000000000000      ,    1000.0000000000000       ] 
  If the system is larger than this, increase the sidemax parameter. 

################################################################################

  Building initial approximation ... 

################################################################################

  Adjusting initial point to fit the constraints 

--------------------------------------------------------------------------------

--------------------------------------------------------------------------------

  Molecules of type:            1

  Packing:|0                                                             100%|
          |******************************************

  Restraint-only function value:    9.1780497311727671E-003
  Maximum violation of the restraints:    6.6309099489243071E-003

--------------------------------------------------------------------------------

  Molecules of type:            2

  Packing:|0                                                             100%|
          |******************************************************************|
          |*******

  Restraint-only function value:    4.7159579014664950E-003
  Maximum violation of the restraints:    1.4647055916246028E-003

--------------------------------------------------------------------------------

  Rescaling maximum and minimum coordinates... 
  Computing size of patches... 
  Add fixed molecules to permanent arrays... 
  Reseting center of mass... 

--------------------------------------------------------------------------------

  Setting initial trial coordinates ... 

--------------------------------------------------------------------------------

--------------------------------------------------------------------------------

  Molecules of type:            1
  Adjusting random positions to fit the constraints. 
  Packing:|0                                                             100%|
          |
  Restraint-only function value:    1.4543918957718177E-002
  Maximum violation of the restraints:    6.9401681954519828E-003

--------------------------------------------------------------------------------

  Molecules of type:            2
  Adjusting random positions to fit the constraints. 
  Packing:|0                                                             100%|
          |*********************
  Restraint-only function value:    1.3551284501407378E-004
  Maximum violation of the restraints:    1.0560344030853528E-004

################################################################################

  Objective function at initial point:    38149.394169002240     

################################################################################

  Packing molecules of type:            1

################################################################################


--------------------------------------------------------------------------------

  Starting GENCAN loop:            0
  Scaling radii by:    1.1000000000000001     

  Packing:|0                                                             100%|
          |******************************************************************|
          |

  Function value from last GENCAN loop: f = .35176E-02
  Best function value before: f = .88143E+04
  Improvement from best function value:    99.99 %
  Improvement from last loop:    99.99 %
  Maximum violation of target distance:     0.000000
  Maximum violation of the constraints: .33737E-02
  Current structure written to file: output.pdb
--------------------------------------------------------------------------------
  Packing solved for molecules of type           1
  Objective function value:    3.5175595343576093E-003
  Maximum violation of target distance:    0.0000000000000000     
  Max. constraint violation:    3.3737222757547819E-003
--------------------------------------------------------------------------------

################################################################################

  Packing molecules of type:            2

################################################################################


--------------------------------------------------------------------------------

  Starting GENCAN loop:            0
  Scaling radii by:    1.1000000000000001     

  Packing:|0                                                             100%|
          |******************************************************************|
          |*************************************************

  Function value from last GENCAN loop: f = .10674E-01
  Best function value before: f = .99167E+04
  Improvement from best function value:    99.99 %
  Improvement from last loop:    99.99 %
  Maximum violation of target distance:     0.000000
  Maximum violation of the constraints: .56352E-02
  Current structure written to file: output.pdb
--------------------------------------------------------------------------------
  Packing solved for molecules of type           2
  Objective function value:    1.0673999067274415E-002
  Maximum violation of target distance:    0.0000000000000000     
  Max. constraint violation:    5.6352094415006828E-003
--------------------------------------------------------------------------------

################################################################################

  Packing all molecules together 

################################################################################


--------------------------------------------------------------------------------

  Starting GENCAN loop:            0
  Scaling radii by:    1.1000000000000001     

  Packing:|0                                                             100%|
          |******************************************************************|
          |******************************************************************|

  Function value from last GENCAN loop: f = .12245E+02
  Best function value before: f = .18466E+05
  Improvement from best function value:    99.93 %
  Improvement from last loop:    99.93 %
  Maximum violation of target distance:     0.420510
  Maximum violation of the constraints: .63960E+00

--------------------------------------------------------------------------------


--------------------------------------------------------------------------------

  Starting GENCAN loop:            1
  Scaling radii by:    1.1000000000000001     

  Packing:|0                                                             100%|
          |******************************************************************|
          |********************************************************

  Function value from last GENCAN loop: f = .24007E-01
  Best function value before: f = .12245E+02
  Improvement from best function value:    99.80 %
  Improvement from last loop:    99.80 %
  Maximum violation of target distance:     0.000000
  Maximum violation of the constraints: .55298E-02

################################################################################

                                 Success! 
              Final objective function value: .24007E-01
              Maximum violation of target distance:   0.000000
              Maximum violation of the constraints: .55298E-02

--------------------------------------------------------------------------------

              Please cite this work if Packmol was useful: 

           L. Martinez, R. Andrade, E. G. Birgin, J. M. Martinez, 
         PACKMOL: A package for building initial configurations for
                   molecular dynamics simulations. 
        Journal of Computational Chemistry, 30(13) pp. 2157-2164, 2009.
                  https://doi.org/10.1002/jcc.21224

################################################################################

  Solution written to file: output.pdb

--------------------------------------------------------------------------------

   Running time:    2.61854005      seconds. 

--------------------------------------------------------------------------------


